#
# A fatal error has been detected by the Java Runtime Environment:
#
#  SIGSEGV (0xb) at pc=0x0000000000000000, pid=12095, tid=9219
#
# JRE version: Java(TM) SE Runtime Environment 18.9 (11.0.12+8) (build 11.0.12+8-LTS-237)
# Java VM: Java HotSpot(TM) 64-Bit Server VM 18.9 (11.0.12+8-LTS-237, mixed mode, tiered, compressed oops, g1 gc, bsd-amd64)
# Problematic frame:
# C  0x0000000000000000
#
# No core dump will be written. Core dumps have been disabled. To enable core dumping, try "ulimit -c unlimited" before starting Java again
#
# If you would like to submit a bug report, please visit:
#   https://bugreport.java.com/bugreport/crash.jsp
#

---------------  S U M M A R Y ------------

Command Line: -ea -DnodeNamesHandler=org.jetbrains.plugins.cucumber.java.run.CucumberTestTreeNodeManager -Didea.test.cyclic.buffer.size=1048576 -javaagent:/Users/chairounisaintze/Library/Application Support/JetBrains/Toolbox/apps/IDEA-U/ch-0/213.7172.25/IntelliJ IDEA.app/Contents/lib/idea_rt.jar=60529:/Users/chairounisaintze/Library/Application Support/JetBrains/Toolbox/apps/IDEA-U/ch-0/213.7172.25/IntelliJ IDEA.app/Contents/bin -agentpath:/private/var/folders/1n/gnqcspnd6p71g71c6_bf_d480000gn/T/libasyncProfiler.so=start,jfr,event=cpu,interval=1ms,event=alloc,file=/Users/chairounisaintze/CukesRunner_2022_07_11_091121.jfr -Dfile.encoding=UTF-8 com.intellij.rt.junit.JUnitStarter -ideVersion5 -junit4 net.meetsky.runners.CukesRunner

Host: MacBookAir10,1 x86_64 2400 MHz, 8 cores, 8G, Darwin 21.3.0
Time: Mon Jul 11 09:11:24 2022 BST elapsed time: 2.613724 seconds (0d 0h 0m 2s)

---------------  T H R E A D  ---------------

Current thread (0x00007f936e809000):  JavaThread "main" [_thread_in_vm, id=9219, stack(0x000000030c932000,0x000000030ca32000)]

Stack: [0x000000030c932000,0x000000030ca32000],  sp=0x000000030ca2ef08,  free space=1011k
Java frames: (J=compiled Java code, j=interpreted, Vv=VM code)
v  ~RuntimeStub::_new_array_nozero_Java
J 678 c2 java.util.jar.JarFile.getEntry0(Ljava/lang/String;)Ljava/util/jar/JarFile$JarFileEntry; java.base@11.0.12 (24 bytes) @ 0x000000011f91147c [0x000000011f9110e0+0x000000000000039c]
J 666 c2 java.util.jar.JarFile.getEntry(Ljava/lang/String;)Ljava/util/zip/ZipEntry; java.base@11.0.12 (22 bytes) @ 0x000000011f915c60 [0x000000011f915c20+0x0000000000000040]
J 776 c2 jdk.internal.loader.URLClassPath$JarLoader.getResource(Ljava/lang/String;Z)Ljdk/internal/loader/Resource; java.base@11.0.12 (65 bytes) @ 0x000000011f91dc44 [0x000000011f91dbe0+0x0000000000000064]
J 504 c1 jdk.internal.loader.URLClassPath.getResource(Ljava/lang/String;Z)Ljdk/internal/loader/Resource; java.base@11.0.12 (74 bytes) @ 0x000000011847b91c [0x000000011847b7e0+0x000000000000013c]
J 839 c1 jdk.internal.loader.BuiltinClassLoader.findClassOnClassPathOrNull(Ljava/lang/String;)Ljava/lang/Class; java.base@11.0.12 (64 bytes) @ 0x000000011854891c [0x00000001185487a0+0x000000000000017c]
J 492 c1 jdk.internal.loader.BuiltinClassLoader.loadClassOrNull(Ljava/lang/String;Z)Ljava/lang/Class; java.base@11.0.12 (143 bytes) @ 0x000000011846d7bc [0x000000011846c660+0x000000000000115c]
J 712 c1 jdk.internal.loader.ClassLoaders$AppClassLoader.loadClass(Ljava/lang/String;Z)Ljava/lang/Class; java.base@11.0.12 (40 bytes) @ 0x00000001184ec32c [0x00000001184ebd60+0x00000000000005cc]
J 707 c1 java.lang.ClassLoader.loadClass(Ljava/lang/String;)Ljava/lang/Class; java.base@11.0.12 (7 bytes) @ 0x00000001184e85c4 [0x00000001184e84c0+0x0000000000000104]
v  ~StubRoutines::call_stub
j  io.cucumber.messages.JSON.<clinit>()V+0
v  ~StubRoutines::call_stub
j  io.cucumber.htmlformatter.MessagesToHtmlWriter.write(Lio/cucumber/messages/types/Envelope;)V+62
j  io.cucumber.core.plugin.HtmlFormatter.write(Lio/cucumber/messages/types/Envelope;)V+27
j  io.cucumber.core.plugin.HtmlFormatter$$Lambda$158.receive(Ljava/lang/Object;)V+8
j  io.cucumber.core.eventbus.AbstractEventPublisher.send(Ljava/lang/Object;)V+129
j  io.cucumber.core.eventbus.AbstractEventBus.send(Ljava/lang/Object;)V+2
j  io.cucumber.core.runtime.SynchronizedEventBus.send(Ljava/lang/Object;)V+5
j  io.cucumber.core.runtime.CucumberExecutionContext.emitMeta()V+21
j  io.cucumber.core.runtime.CucumberExecutionContext.startTestRun()V+1
j  io.cucumber.junit.Cucumber$StartTestRun.evaluate()V+54
j  io.cucumber.junit.Cucumber$FinishTestRun.evaluate()V+4
j  org.junit.runners.ParentRunner$3.evaluate()V+4
j  org.junit.runners.ParentRunner.run(Lorg/junit/runner/notification/RunNotifier;)V+24
j  org.junit.runner.JUnitCore.run(Lorg/junit/runner/Runner;)Lorg/junit/runner/Result;+37
j  com.intellij.junit4.JUnit4IdeaTestRunner.startRunnerWithArgs([Ljava/lang/String;Ljava/lang/String;IZ)I+166
j  com.intellij.rt.junit.IdeaTestRunner$Repeater$1.execute(Z)I+17
j  com.intellij.rt.execution.junit.TestsRepeater.repeat(IZLcom/intellij/rt/execution/junit/TestsRepeater$TestRun;)I+7
j  com.intellij.rt.junit.IdeaTestRunner$Repeater.startRunnerWithArgs(Lcom/intellij/rt/junit/IdeaTestRunner;[Ljava/lang/String;Ljava/util/ArrayList;Ljava/lang/String;IZ)I+25
j  com.intellij.rt.junit.JUnitStarter.prepareStreamsAndStart([Ljava/lang/String;Ljava/lang/String;Ljava/util/ArrayList;Ljava/lang/String;)I+116
j  com.intellij.rt.junit.JUnitStarter.main([Ljava/lang/String;)V+97
v  ~StubRoutines::call_stub

siginfo: si_signo: 11 (SIGSEGV), si_code: 1 (SEGV_MAPERR), si_addr: 0x0000000000000000

Register to memory mapping:

RAX=0x0 is NULL
RBX=0x000000030ca2ef20 is pointing into the stack for thread: 0x00007f936e809000
RCX=0x00007f936e809000 is a thread
RDX=0x0000000000000068 is an unknown value
RSP=0x000000030ca2ef08 is pointing into the stack for thread: 0x00007f936e809000
RBP=0x000000010dd6d38e: _ZN12MemAllocator10Allocation17notify_allocationEv+0x16 in /Library/Java/JavaVirtualMachines/jdk-11.0.12.jdk/Contents/Home/lib/server/libjvm.dylib at 0x000000010d789000
RSI=0x0000000787800000 is an oop: [B 
{0x0000000787800000} - klass: {type array byte}
 - length: 88
RDI=0x000000030ca2eed8 is pointing into the stack for thread: 0x00007f936e809000
R8 =0x00007f936e809000 is a thread
R9 =0x00007f936e809000 is a thread
R10=0x000000010de39ee0: _ZN11OptoRuntime18new_array_nozero_CEP5KlassiP10JavaThread+0 in /Library/Java/JavaVirtualMachines/jdk-11.0.12.jdk/Contents/Home/lib/server/libjvm.dylib at 0x000000010d789000
R11=4042521251 is a compressed pointer to object: [B 
{0x00000007879fd518} - klass: {type array byte}
 - length: 88
R12=0x0 is NULL
R13=0x000000078657bb90 is an oop: java.util.zip.ZipFile$Source 
{0x000000078657bb90} - klass: 'java/util/zip/ZipFile$Source'
R14=0x0000000000000058 is an unknown value
R15=0x00007f936e809000 is a thread


Registers:
RAX=0x0000000000000000, RBX=0x000000030ca2ef20, RCX=0x00007f936e809000, RDX=0x0000000000000068
RSP=0x000000030ca2ef08, RBP=0x000000010dd6d38e, RSI=0x0000000787800000, RDI=0x000000030ca2eed8
R8 =0x00007f936e809000, R9 =0x00007f936e809000, R10=0x000000010de39ee0, R11=0x00000000f0f3faa3
R12=0x0000000000000000, R13=0x000000078657bb90, R14=0x0000000000000058, R15=0x00007f936e809000
RIP=0x0000000000000000, EFLAGS=0x0000000000000212, ERR=0x0000000000000004
  TRAPNO=0x000000000000000e

Top of Stack: (sp=0x000000030ca2ef08)
0x000000030ca2ef08:   000000030ca2ef70 000000030ca2ef60
0x000000030ca2ef18:   000000010dd6d777 000000030ca2ef70
0x000000030ca2ef28:   00007f936e809000 000000030ca2ef50
0x000000030ca2ef38:   00007f936e800000 0000000000000100
0x000000030ca2ef48:   000000010d92e400 0000000787800000
0x000000030ca2ef58:   00007f936e809000 000000030ca2efa0
0x000000030ca2ef68:   000000010d9913a9 000000010e0bbad0
0x000000030ca2ef78:   00007f936c80b600 00007f936e809000
0x000000030ca2ef88:   0000000800000820 000000000000000d
0x000000030ca2ef98:   00007f0000000058 000000030ca2efd0
0x000000030ca2efa8:   000000010de39f07 00007f936e809000
0x000000030ca2efb8:   0000000080808080 0000000000000001
0x000000030ca2efc8:   00007f936e809000 00000007879fd518
0x000000030ca2efd8:   0000000117efc4a7 00000007879fd518
0x000000030ca2efe8:   000000011f91147c 00000007801c7a18
0x000000030ca2eff8:   00000007879fd580 00000007879ffdb0
0x000000030ca2f008:   00000007879fd580 00000007801c7a18
0x000000030ca2f018:   0000000700000058 00000007879fd528
0x000000030ca2f028:   0000000000000068 00000007879ffdb0
0x000000030ca2f038:   00000007879fdce0 00000007879fd580
0x000000030ca2f048:   00000000430f2995 000000030ca2f480
0x000000030ca2f058:   000000011f915c60 00000007879fd580
0x000000030ca2f068:   0000000786546a58 00000007801c7a18
0x000000030ca2f078:   0000000000000000 0000000000000009
0x000000030ca2f088:   0000000780125cf0 0000000800001808
0x000000030ca2f098:   0000000786546a48 000000030000001f
0x000000030ca2f0a8:   00000001184f33b6 000000030ca2f480
0x000000030ca2f0b8:   000000011846d4d4 00000007801c28c0
0x000000030ca2f0c8:   00000007801d1db8 00000007879fd580
0x000000030ca2f0d8:   00000007879fd850 000000030ca2f480
0x000000030ca2f0e8:   000000011f91dc44 00000007801c21e8
0x000000030ca2f0f8:   000000010dee946e 00000007879fd580 

Instructions: (pc=0x0000000000000000)
0xffffffffffffffe0:   

Stack slot to memory mapping:
stack at sp + 0 slots: 0x000000030ca2ef70 is pointing into the stack for thread: 0x00007f936e809000
stack at sp + 1 slots: 0x000000030ca2ef60 is pointing into the stack for thread: 0x00007f936e809000
stack at sp + 2 slots: 0x000000010dd6d777: _ZNK12MemAllocator8allocateEv+0x71 in /Library/Java/JavaVirtualMachines/jdk-11.0.12.jdk/Contents/Home/lib/server/libjvm.dylib at 0x000000010d789000
stack at sp + 3 slots: 0x000000030ca2ef70 is pointing into the stack for thread: 0x00007f936e809000
stack at sp + 4 slots: 0x00007f936e809000 is a thread
stack at sp + 5 slots: 0x000000030ca2ef50 is pointing into the stack for thread: 0x00007f936e809000
stack at sp + 6 slots: 0x00007f936e800000 points into unknown readable memory: 0x0000000000000000 | 00 00 00 00 00 00 00 00
stack at sp + 7 slots: 0x0000000000000100 is an unknown value


---------------  P R O C E S S  ---------------

Threads class SMR info:
_java_thread_list=0x0000600001db76a0, length=12, elements={
0x00007f936e809000, 0x00007f936e052800, 0x00007f936e057800, 0x00007f936e83c000,
0x00007f936c888800, 0x00007f936c89a800, 0x00007f935c80d000, 0x00007f934d012000,
0x00007f936e05e000, 0x00007f936c908000, 0x00007f936ea2e800, 0x00007f936d8bb000
}

Java Threads: ( => current thread )
=>0x00007f936e809000 JavaThread "main" [_thread_in_vm, id=9219, stack(0x000000030c932000,0x000000030ca32000)]
  0x00007f936e052800 JavaThread "Reference Handler" daemon [_thread_blocked, id=15875, stack(0x000000030d047000,0x000000030d147000)]
  0x00007f936e057800 JavaThread "Finalizer" daemon [_thread_blocked, id=15107, stack(0x000000030d14a000,0x000000030d24a000)]
  0x00007f936e83c000 JavaThread "Signal Dispatcher" daemon [_thread_blocked, id=22787, stack(0x000000030d35b000,0x000000030d45b000)]
  0x00007f936c888800 JavaThread "Service Thread" daemon [_thread_blocked, id=40963, stack(0x000000030d45e000,0x000000030d55e000)]
  0x00007f936c89a800 JavaThread "C2 CompilerThread0" daemon [_thread_blocked, id=23555, stack(0x000000030d561000,0x000000030d661000)]
  0x00007f935c80d000 JavaThread "C1 CompilerThread0" daemon [_thread_blocked, id=24067, stack(0x000000030d664000,0x000000030d764000)]
  0x00007f934d012000 JavaThread "Sweeper thread" daemon [_thread_blocked, id=39939, stack(0x000000030d767000,0x000000030d867000)]
  0x00007f936e05e000 JavaThread "Common-Cleaner" daemon [_thread_blocked, id=38915, stack(0x000000030d86a000,0x000000030d96a000)]
  0x00007f936c908000 JavaThread "Monitor Ctrl-Break" daemon [_thread_in_native, id=38403, stack(0x000000030d96d000,0x000000030da6d000)]
  0x00007f936ea2e800 JavaThread "Async-profiler Timer" daemon [_thread_in_native, id=26767, stack(0x000000030da70000,0x000000030daf0000)]
  0x00007f936d8bb000 JavaThread "Attach Listener" daemon [_thread_blocked, id=28423, stack(0x000000030dc79000,0x000000030dd79000)]

Other Threads:
  0x00007f936c88a000 VMThread "VM Thread" [stack: 0x000000030cf44000,0x000000030d044000] [id=16387]
  0x00007f936c95d800 WatcherThread [stack: 0x000000030db76000,0x000000030dc76000] [id=27731]
  0x00007f936c80c000 GCTaskThread "GC Thread#0" [stack: 0x000000030ca35000,0x000000030cb35000] [id=12035]
  0x00007f936daf3000 GCTaskThread "GC Thread#1" [stack: 0x000000030dd7c000,0x000000030de7c000] [id=28887]
  0x00007f936daf4000 GCTaskThread "GC Thread#2" [stack: 0x000000030de7f000,0x000000030df7f000] [id=29187]
  0x00007f936e809800 ConcurrentGCThread "G1 Main Marker" [stack: 0x000000030cb38000,0x000000030cc38000] [id=18691]
  0x00007f934d008800 ConcurrentGCThread "G1 Conc#0" [stack: 0x000000030cc3b000,0x000000030cd3b000] [id=17923]
  0x00007f936e033800 ConcurrentGCThread "G1 Refine#0" [stack: 0x000000030cd3e000,0x000000030ce3e000] [id=17667]
  0x00007f934d011000 ConcurrentGCThread "G1 Young RemSet Sampling" [stack: 0x000000030ce41000,0x000000030cf41000] [id=13059]

Threads with active compile tasks:

VM state:not at safepoint (normal execution)

VM Mutex/Monitor currently owned by a thread: None

Heap address: 0x0000000780000000, size: 2048 MB, Compressed Oops mode: Zero based, Oop shift amount: 3
Narrow klass base: 0x0000000800000000, Narrow klass shift: 0
Compressed class space size: 1073741824 Address: 0x0000000800000000

Heap:
 garbage-first heap   total 131072K, used 12134K [0x0000000780000000, 0x0000000800000000)
  region size 1024K, 11 young (11264K), 3 survivors (3072K)
 Metaspace       used 13591K, capacity 13924K, committed 14336K, reserved 1062912K
  class space    used 1374K, capacity 1501K, committed 1536K, reserved 1048576K
Heap Regions: E=young(eden), S=young(survivor), O=old, HS=humongous(starts), HC=humongous(continues), CS=collection set, F=free, A=archive, TAMS=top-at-mark-start (previous, next)
|   0|0x0000000780000000, 0x0000000780100000, 0x0000000780100000|100%| O|  |TAMS 0x0000000780000000, 0x0000000780000000| Untracked 
|   1|0x0000000780100000, 0x00000007801d9800, 0x0000000780200000| 84%| O|  |TAMS 0x0000000780100000, 0x0000000780100000| Untracked 
|   2|0x0000000780200000, 0x0000000780200000, 0x0000000780300000|  0%| F|  |TAMS 0x0000000780200000, 0x0000000780200000| Untracked 
|   3|0x0000000780300000, 0x0000000780300000, 0x0000000780400000|  0%| F|  |TAMS 0x0000000780300000, 0x0000000780300000| Untracked 
|   4|0x0000000780400000, 0x0000000780400000, 0x0000000780500000|  0%| F|  |TAMS 0x0000000780400000, 0x0000000780400000| Untracked 
|   5|0x0000000780500000, 0x0000000780500000, 0x0000000780600000|  0%| F|  |TAMS 0x0000000780500000, 0x0000000780500000| Untracked 
|   6|0x0000000780600000, 0x0000000780600000, 0x0000000780700000|  0%| F|  |TAMS 0x0000000780600000, 0x0000000780600000| Untracked 
|   7|0x0000000780700000, 0x0000000780700000, 0x0000000780800000|  0%| F|  |TAMS 0x0000000780700000, 0x0000000780700000| Untracked 
|   8|0x0000000780800000, 0x0000000780800000, 0x0000000780900000|  0%| F|  |TAMS 0x0000000780800000, 0x0000000780800000| Untracked 
|   9|0x0000000780900000, 0x0000000780900000, 0x0000000780a00000|  0%| F|  |TAMS 0x0000000780900000, 0x0000000780900000| Untracked 
|  10|0x0000000780a00000, 0x0000000780a00000, 0x0000000780b00000|  0%| F|  |TAMS 0x0000000780a00000, 0x0000000780a00000| Untracked 
|  11|0x0000000780b00000, 0x0000000780b00000, 0x0000000780c00000|  0%| F|  |TAMS 0x0000000780b00000, 0x0000000780b00000| Untracked 
|  12|0x0000000780c00000, 0x0000000780c00000, 0x0000000780d00000|  0%| F|  |TAMS 0x0000000780c00000, 0x0000000780c00000| Untracked 
|  13|0x0000000780d00000, 0x0000000780d00000, 0x0000000780e00000|  0%| F|  |TAMS 0x0000000780d00000, 0x0000000780d00000| Untracked 
|  14|0x0000000780e00000, 0x0000000780e00000, 0x0000000780f00000|  0%| F|  |TAMS 0x0000000780e00000, 0x0000000780e00000| Untracked 
|  15|0x0000000780f00000, 0x0000000780f00000, 0x0000000781000000|  0%| F|  |TAMS 0x0000000780f00000, 0x0000000780f00000| Untracked 
|  16|0x0000000781000000, 0x0000000781000000, 0x0000000781100000|  0%| F|  |TAMS 0x0000000781000000, 0x0000000781000000| Untracked 
|  17|0x0000000781100000, 0x0000000781100000, 0x0000000781200000|  0%| F|  |TAMS 0x0000000781100000, 0x0000000781100000| Untracked 
|  18|0x0000000781200000, 0x0000000781200000, 0x0000000781300000|  0%| F|  |TAMS 0x0000000781200000, 0x0000000781200000| Untracked 
|  19|0x0000000781300000, 0x0000000781300000, 0x0000000781400000|  0%| F|  |TAMS 0x0000000781300000, 0x0000000781300000| Untracked 
|  20|0x0000000781400000, 0x0000000781400000, 0x0000000781500000|  0%| F|  |TAMS 0x0000000781400000, 0x0000000781400000| Untracked 
|  21|0x0000000781500000, 0x0000000781500000, 0x0000000781600000|  0%| F|  |TAMS 0x0000000781500000, 0x0000000781500000| Untracked 
|  22|0x0000000781600000, 0x0000000781600000, 0x0000000781700000|  0%| F|  |TAMS 0x0000000781600000, 0x0000000781600000| Untracked 
|  23|0x0000000781700000, 0x0000000781700000, 0x0000000781800000|  0%| F|  |TAMS 0x0000000781700000, 0x0000000781700000| Untracked 
|  24|0x0000000781800000, 0x0000000781800000, 0x0000000781900000|  0%| F|  |TAMS 0x0000000781800000, 0x0000000781800000| Untracked 
|  25|0x0000000781900000, 0x0000000781900000, 0x0000000781a00000|  0%| F|  |TAMS 0x0000000781900000, 0x0000000781900000| Untracked 
|  26|0x0000000781a00000, 0x0000000781a00000, 0x0000000781b00000|  0%| F|  |TAMS 0x0000000781a00000, 0x0000000781a00000| Untracked 
|  27|0x0000000781b00000, 0x0000000781b00000, 0x0000000781c00000|  0%| F|  |TAMS 0x0000000781b00000, 0x0000000781b00000| Untracked 
|  28|0x0000000781c00000, 0x0000000781c00000, 0x0000000781d00000|  0%| F|  |TAMS 0x0000000781c00000, 0x0000000781c00000| Untracked 
|  29|0x0000000781d00000, 0x0000000781d00000, 0x0000000781e00000|  0%| F|  |TAMS 0x0000000781d00000, 0x0000000781d00000| Untracked 
|  30|0x0000000781e00000, 0x0000000781e00000, 0x0000000781f00000|  0%| F|  |TAMS 0x0000000781e00000, 0x0000000781e00000| Untracked 
|  31|0x0000000781f00000, 0x0000000781f00000, 0x0000000782000000|  0%| F|  |TAMS 0x0000000781f00000, 0x0000000781f00000| Untracked 
|  32|0x0000000782000000, 0x0000000782000000, 0x0000000782100000|  0%| F|  |TAMS 0x0000000782000000, 0x0000000782000000| Untracked 
|  33|0x0000000782100000, 0x0000000782100000, 0x0000000782200000|  0%| F|  |TAMS 0x0000000782100000, 0x0000000782100000| Untracked 
|  34|0x0000000782200000, 0x0000000782200000, 0x0000000782300000|  0%| F|  |TAMS 0x0000000782200000, 0x0000000782200000| Untracked 
|  35|0x0000000782300000, 0x0000000782300000, 0x0000000782400000|  0%| F|  |TAMS 0x0000000782300000, 0x0000000782300000| Untracked 
|  36|0x0000000782400000, 0x0000000782400000, 0x0000000782500000|  0%| F|  |TAMS 0x0000000782400000, 0x0000000782400000| Untracked 
|  37|0x0000000782500000, 0x0000000782500000, 0x0000000782600000|  0%| F|  |TAMS 0x0000000782500000, 0x0000000782500000| Untracked 
|  38|0x0000000782600000, 0x0000000782600000, 0x0000000782700000|  0%| F|  |TAMS 0x0000000782600000, 0x0000000782600000| Untracked 
|  39|0x0000000782700000, 0x0000000782700000, 0x0000000782800000|  0%| F|  |TAMS 0x0000000782700000, 0x0000000782700000| Untracked 
|  40|0x0000000782800000, 0x0000000782800000, 0x0000000782900000|  0%| F|  |TAMS 0x0000000782800000, 0x0000000782800000| Untracked 
|  41|0x0000000782900000, 0x0000000782900000, 0x0000000782a00000|  0%| F|  |TAMS 0x0000000782900000, 0x0000000782900000| Untracked 
|  42|0x0000000782a00000, 0x0000000782a00000, 0x0000000782b00000|  0%| F|  |TAMS 0x0000000782a00000, 0x0000000782a00000| Untracked 
|  43|0x0000000782b00000, 0x0000000782b00000, 0x0000000782c00000|  0%| F|  |TAMS 0x0000000782b00000, 0x0000000782b00000| Untracked 
|  44|0x0000000782c00000, 0x0000000782c00000, 0x0000000782d00000|  0%| F|  |TAMS 0x0000000782c00000, 0x0000000782c00000| Untracked 
|  45|0x0000000782d00000, 0x0000000782d00000, 0x0000000782e00000|  0%| F|  |TAMS 0x0000000782d00000, 0x0000000782d00000| Untracked 
|  46|0x0000000782e00000, 0x0000000782e00000, 0x0000000782f00000|  0%| F|  |TAMS 0x0000000782e00000, 0x0000000782e00000| Untracked 
|  47|0x0000000782f00000, 0x0000000782f00000, 0x0000000783000000|  0%| F|  |TAMS 0x0000000782f00000, 0x0000000782f00000| Untracked 
|  48|0x0000000783000000, 0x0000000783000000, 0x0000000783100000|  0%| F|  |TAMS 0x0000000783000000, 0x0000000783000000| Untracked 
|  49|0x0000000783100000, 0x0000000783100000, 0x0000000783200000|  0%| F|  |TAMS 0x0000000783100000, 0x0000000783100000| Untracked 
|  50|0x0000000783200000, 0x0000000783200000, 0x0000000783300000|  0%| F|  |TAMS 0x0000000783200000, 0x0000000783200000| Untracked 
|  51|0x0000000783300000, 0x0000000783300000, 0x0000000783400000|  0%| F|  |TAMS 0x0000000783300000, 0x0000000783300000| Untracked 
|  52|0x0000000783400000, 0x0000000783400000, 0x0000000783500000|  0%| F|  |TAMS 0x0000000783400000, 0x0000000783400000| Untracked 
|  53|0x0000000783500000, 0x0000000783500000, 0x0000000783600000|  0%| F|  |TAMS 0x0000000783500000, 0x0000000783500000| Untracked 
|  54|0x0000000783600000, 0x0000000783600000, 0x0000000783700000|  0%| F|  |TAMS 0x0000000783600000, 0x0000000783600000| Untracked 
|  55|0x0000000783700000, 0x0000000783700000, 0x0000000783800000|  0%| F|  |TAMS 0x0000000783700000, 0x0000000783700000| Untracked 
|  56|0x0000000783800000, 0x0000000783800000, 0x0000000783900000|  0%| F|  |TAMS 0x0000000783800000, 0x0000000783800000| Untracked 
|  57|0x0000000783900000, 0x0000000783900000, 0x0000000783a00000|  0%| F|  |TAMS 0x0000000783900000, 0x0000000783900000| Untracked 
|  58|0x0000000783a00000, 0x0000000783a00000, 0x0000000783b00000|  0%| F|  |TAMS 0x0000000783a00000, 0x0000000783a00000| Untracked 
|  59|0x0000000783b00000, 0x0000000783b00000, 0x0000000783c00000|  0%| F|  |TAMS 0x0000000783b00000, 0x0000000783b00000| Untracked 
|  60|0x0000000783c00000, 0x0000000783c00000, 0x0000000783d00000|  0%| F|  |TAMS 0x0000000783c00000, 0x0000000783c00000| Untracked 
|  61|0x0000000783d00000, 0x0000000783d00000, 0x0000000783e00000|  0%| F|  |TAMS 0x0000000783d00000, 0x0000000783d00000| Untracked 
|  62|0x0000000783e00000, 0x0000000783e00000, 0x0000000783f00000|  0%| F|  |TAMS 0x0000000783e00000, 0x0000000783e00000| Untracked 
|  63|0x0000000783f00000, 0x0000000783f00000, 0x0000000784000000|  0%| F|  |TAMS 0x0000000783f00000, 0x0000000783f00000| Untracked 
|  64|0x0000000784000000, 0x0000000784000000, 0x0000000784100000|  0%| F|  |TAMS 0x0000000784000000, 0x0000000784000000| Untracked 
|  65|0x0000000784100000, 0x0000000784100000, 0x0000000784200000|  0%| F|  |TAMS 0x0000000784100000, 0x0000000784100000| Untracked 
|  66|0x0000000784200000, 0x0000000784200000, 0x0000000784300000|  0%| F|  |TAMS 0x0000000784200000, 0x0000000784200000| Untracked 
|  67|0x0000000784300000, 0x0000000784300000, 0x0000000784400000|  0%| F|  |TAMS 0x0000000784300000, 0x0000000784300000| Untracked 
|  68|0x0000000784400000, 0x0000000784400000, 0x0000000784500000|  0%| F|  |TAMS 0x0000000784400000, 0x0000000784400000| Untracked 
|  69|0x0000000784500000, 0x0000000784500000, 0x0000000784600000|  0%| F|  |TAMS 0x0000000784500000, 0x0000000784500000| Untracked 
|  70|0x0000000784600000, 0x0000000784600000, 0x0000000784700000|  0%| F|  |TAMS 0x0000000784600000, 0x0000000784600000| Untracked 
|  71|0x0000000784700000, 0x0000000784700000, 0x0000000784800000|  0%| F|  |TAMS 0x0000000784700000, 0x0000000784700000| Untracked 
|  72|0x0000000784800000, 0x0000000784800000, 0x0000000784900000|  0%| F|  |TAMS 0x0000000784800000, 0x0000000784800000| Untracked 
|  73|0x0000000784900000, 0x0000000784900000, 0x0000000784a00000|  0%| F|  |TAMS 0x0000000784900000, 0x0000000784900000| Untracked 
|  74|0x0000000784a00000, 0x0000000784a00000, 0x0000000784b00000|  0%| F|  |TAMS 0x0000000784a00000, 0x0000000784a00000| Untracked 
|  75|0x0000000784b00000, 0x0000000784b00000, 0x0000000784c00000|  0%| F|  |TAMS 0x0000000784b00000, 0x0000000784b00000| Untracked 
|  76|0x0000000784c00000, 0x0000000784c00000, 0x0000000784d00000|  0%| F|  |TAMS 0x0000000784c00000, 0x0000000784c00000| Untracked 
|  77|0x0000000784d00000, 0x0000000784d00000, 0x0000000784e00000|  0%| F|  |TAMS 0x0000000784d00000, 0x0000000784d00000| Untracked 
|  78|0x0000000784e00000, 0x0000000784e00000, 0x0000000784f00000|  0%| F|  |TAMS 0x0000000784e00000, 0x0000000784e00000| Untracked 
|  79|0x0000000784f00000, 0x0000000784f00000, 0x0000000785000000|  0%| F|  |TAMS 0x0000000784f00000, 0x0000000784f00000| Untracked 
|  80|0x0000000785000000, 0x0000000785000000, 0x0000000785100000|  0%| F|  |TAMS 0x0000000785000000, 0x0000000785000000| Untracked 
|  81|0x0000000785100000, 0x0000000785100000, 0x0000000785200000|  0%| F|  |TAMS 0x0000000785100000, 0x0000000785100000| Untracked 
|  82|0x0000000785200000, 0x0000000785200000, 0x0000000785300000|  0%| F|  |TAMS 0x0000000785200000, 0x0000000785200000| Untracked 
|  83|0x0000000785300000, 0x0000000785300000, 0x0000000785400000|  0%| F|  |TAMS 0x0000000785300000, 0x0000000785300000| Untracked 
|  84|0x0000000785400000, 0x0000000785400000, 0x0000000785500000|  0%| F|  |TAMS 0x0000000785400000, 0x0000000785400000| Untracked 
|  85|0x0000000785500000, 0x0000000785500000, 0x0000000785600000|  0%| F|  |TAMS 0x0000000785500000, 0x0000000785500000| Untracked 
|  86|0x0000000785600000, 0x0000000785600000, 0x0000000785700000|  0%| F|  |TAMS 0x0000000785600000, 0x0000000785600000| Untracked 
|  87|0x0000000785700000, 0x0000000785700000, 0x0000000785800000|  0%| F|  |TAMS 0x0000000785700000, 0x0000000785700000| Untracked 
|  88|0x0000000785800000, 0x0000000785800000, 0x0000000785900000|  0%| F|  |TAMS 0x0000000785800000, 0x0000000785800000| Untracked 
|  89|0x0000000785900000, 0x0000000785900000, 0x0000000785a00000|  0%| F|  |TAMS 0x0000000785900000, 0x0000000785900000| Untracked 
|  90|0x0000000785a00000, 0x0000000785a00000, 0x0000000785b00000|  0%| F|  |TAMS 0x0000000785a00000, 0x0000000785a00000| Untracked 
|  91|0x0000000785b00000, 0x0000000785b00000, 0x0000000785c00000|  0%| F|  |TAMS 0x0000000785b00000, 0x0000000785b00000| Untracked 
|  92|0x0000000785c00000, 0x0000000785c00000, 0x0000000785d00000|  0%| F|  |TAMS 0x0000000785c00000, 0x0000000785c00000| Untracked 
|  93|0x0000000785d00000, 0x0000000785d00000, 0x0000000785e00000|  0%| F|  |TAMS 0x0000000785d00000, 0x0000000785d00000| Untracked 
|  94|0x0000000785e00000, 0x0000000785e00000, 0x0000000785f00000|  0%| F|  |TAMS 0x0000000785e00000, 0x0000000785e00000| Untracked 
|  95|0x0000000785f00000, 0x0000000785f00000, 0x0000000786000000|  0%| F|  |TAMS 0x0000000785f00000, 0x0000000785f00000| Untracked 
|  96|0x0000000786000000, 0x0000000786000000, 0x0000000786100000|  0%| F|  |TAMS 0x0000000786000000, 0x0000000786000000| Untracked 
|  97|0x0000000786100000, 0x0000000786100000, 0x0000000786200000|  0%| F|  |TAMS 0x0000000786100000, 0x0000000786100000| Untracked 
|  98|0x0000000786200000, 0x0000000786200000, 0x0000000786300000|  0%| F|  |TAMS 0x0000000786200000, 0x0000000786200000| Untracked 
|  99|0x0000000786300000, 0x0000000786300000, 0x0000000786400000|  0%| F|  |TAMS 0x0000000786300000, 0x0000000786300000| Untracked 
| 100|0x0000000786400000, 0x0000000786400000, 0x0000000786500000|  0%| F|  |TAMS 0x0000000786400000, 0x0000000786400000| Untracked 
| 101|0x0000000786500000, 0x0000000786600000, 0x0000000786600000|100%| S|CS|TAMS 0x0000000786500000, 0x0000000786500000| Complete 
| 102|0x0000000786600000, 0x0000000786700000, 0x0000000786700000|100%| S|CS|TAMS 0x0000000786600000, 0x0000000786600000| Complete 
| 103|0x0000000786700000, 0x0000000786800000, 0x0000000786800000|100%| S|CS|TAMS 0x0000000786700000, 0x0000000786700000| Complete 
| 104|0x0000000786800000, 0x0000000786800000, 0x0000000786900000|  0%| F|  |TAMS 0x0000000786800000, 0x0000000786800000| Untracked 
| 105|0x0000000786900000, 0x0000000786900000, 0x0000000786a00000|  0%| F|  |TAMS 0x0000000786900000, 0x0000000786900000| Untracked 
| 106|0x0000000786a00000, 0x0000000786a00000, 0x0000000786b00000|  0%| F|  |TAMS 0x0000000786a00000, 0x0000000786a00000| Untracked 
| 107|0x0000000786b00000, 0x0000000786b00000, 0x0000000786c00000|  0%| F|  |TAMS 0x0000000786b00000, 0x0000000786b00000| Untracked 
| 108|0x0000000786c00000, 0x0000000786c00000, 0x0000000786d00000|  0%| F|  |TAMS 0x0000000786c00000, 0x0000000786c00000| Untracked 
| 109|0x0000000786d00000, 0x0000000786d00000, 0x0000000786e00000|  0%| F|  |TAMS 0x0000000786d00000, 0x0000000786d00000| Untracked 
| 110|0x0000000786e00000, 0x0000000786e00000, 0x0000000786f00000|  0%| F|  |TAMS 0x0000000786e00000, 0x0000000786e00000| Untracked 
| 111|0x0000000786f00000, 0x0000000786f00000, 0x0000000787000000|  0%| F|  |TAMS 0x0000000786f00000, 0x0000000786f00000| Untracked 
| 112|0x0000000787000000, 0x0000000787000000, 0x0000000787100000|  0%| F|  |TAMS 0x0000000787000000, 0x0000000787000000| Untracked 
| 113|0x0000000787100000, 0x0000000787100000, 0x0000000787200000|  0%| F|  |TAMS 0x0000000787100000, 0x0000000787100000| Untracked 
| 114|0x0000000787200000, 0x0000000787200000, 0x0000000787300000|  0%| F|  |TAMS 0x0000000787200000, 0x0000000787200000| Untracked 
| 115|0x0000000787300000, 0x0000000787300000, 0x0000000787400000|  0%| F|  |TAMS 0x0000000787300000, 0x0000000787300000| Untracked 
| 116|0x0000000787400000, 0x0000000787400000, 0x0000000787500000|  0%| F|  |TAMS 0x0000000787400000, 0x0000000787400000| Untracked 
| 117|0x0000000787500000, 0x0000000787500000, 0x0000000787600000|  0%| F|  |TAMS 0x0000000787500000, 0x0000000787500000| Untracked 
| 118|0x0000000787600000, 0x0000000787600000, 0x0000000787700000|  0%| F|  |TAMS 0x0000000787600000, 0x0000000787600000| Untracked 
| 119|0x0000000787700000, 0x0000000787700000, 0x0000000787800000|  0%| F|  |TAMS 0x0000000787700000, 0x0000000787700000| Untracked 
| 120|0x0000000787800000, 0x0000000787800800, 0x0000000787900000|  0%| E|  |TAMS 0x0000000787800000, 0x0000000787800000| Complete 
| 121|0x0000000787900000, 0x0000000787a00000, 0x0000000787a00000|100%| E|CS|TAMS 0x0000000787900000, 0x0000000787900000| Complete 
| 122|0x0000000787a00000, 0x0000000787b00000, 0x0000000787b00000|100%| E|CS|TAMS 0x0000000787a00000, 0x0000000787a00000| Complete 
| 123|0x0000000787b00000, 0x0000000787c00000, 0x0000000787c00000|100%| E|CS|TAMS 0x0000000787b00000, 0x0000000787b00000| Complete 
| 124|0x0000000787c00000, 0x0000000787d00000, 0x0000000787d00000|100%| E|CS|TAMS 0x0000000787c00000, 0x0000000787c00000| Complete 
| 125|0x0000000787d00000, 0x0000000787e00000, 0x0000000787e00000|100%| E|CS|TAMS 0x0000000787d00000, 0x0000000787d00000| Complete 
| 126|0x0000000787e00000, 0x0000000787f00000, 0x0000000787f00000|100%| E|CS|TAMS 0x0000000787e00000, 0x0000000787e00000| Complete 
| 127|0x0000000787f00000, 0x0000000788000000, 0x0000000788000000|100%| E|CS|TAMS 0x0000000787f00000, 0x0000000787f00000| Complete 

Card table byte_map: [0x00000001272f7000,0x00000001276f7000] _byte_map_base: 0x00000001236f7000

Marking Bits (Prev, Next): (CMBitMap*) 0x00007f936e808218, (CMBitMap*) 0x00007f936e808250
 Prev Bits: [0x0000000127af7000, 0x0000000129af7000)
 Next Bits: [0x0000000129af7000, 0x000000012baf7000)

Polling page: 0x0000000104385000

Metaspace:

Usage:
  Non-class:     12.13 MB capacity,    11.93 MB ( 98%) used,   175.20 KB (  1%) free+waste,    30.75 KB ( <1%) overhead. 
      Class:      1.47 MB capacity,     1.34 MB ( 92%) used,   111.28 KB (  7%) free+waste,    15.00 KB ( <1%) overhead. 
       Both:     13.60 MB capacity,    13.27 MB ( 98%) used,   286.48 KB (  2%) free+waste,    45.75 KB ( <1%) overhead. 

Virtual space:
  Non-class space:       14.00 MB reserved,      12.50 MB ( 89%) committed 
      Class space:        1.00 GB reserved,       1.50 MB ( <1%) committed 
             Both:        1.01 GB reserved,      14.00 MB (  1%) committed 

Chunk freelists:
   Non-Class:  16.12 KB
       Class:  384 bytes
        Both:  16.50 KB

CodeHeap 'non-profiled nmethods': size=120032Kb used=421Kb max_used=421Kb free=119610Kb
 bounds [0x000000011f8d4000, 0x000000011fb44000, 0x0000000126e0c000]
CodeHeap 'profiled nmethods': size=120028Kb used=2820Kb max_used=2820Kb free=117207Kb
 bounds [0x000000011839d000, 0x000000011866d000, 0x000000011f8d4000]
CodeHeap 'non-nmethods': size=5700Kb used=1060Kb max_used=1073Kb free=4639Kb
 bounds [0x0000000117e0c000, 0x000000011807c000, 0x000000011839d000]
 total_blobs=1585 nmethods=1210 adapters=289
 compilation: enabled
              stopped_count=0, restarted_count=0
 full_count=0

Compilation events (10 events):
Event: 2.581 Thread 0x00007f936c89a800 nmethod 1202 0x000000011f93c910 code [0x000000011f93caa0, 0x000000011f93cb68]
Event: 2.581 Thread 0x00007f935c80d000 nmethod 1207 0x0000000118652190 code [0x00000001186523a0, 0x0000000118652a60]
Event: 2.581 Thread 0x00007f935c80d000 1208       3       jdk.internal.jimage.ImageLocation::verify (50 bytes)
Event: 2.582 Thread 0x00007f935c80d000 nmethod 1208 0x0000000118652e10 code [0x0000000118653040, 0x00000001186537a0]
Event: 2.582 Thread 0x00007f936c89a800 1209 %     4       java.io.UnixFileSystem::normalize @ 10 (75 bytes)
Event: 2.582 Thread 0x00007f935c80d000 1210 %     3       sun.nio.cs.UTF_8$Decoder::decodeArrayLoop @ 73 (691 bytes)
Event: 2.585 Thread 0x00007f936c89a800 nmethod 1209% 0x000000011f93cd10 code [0x000000011f93cec0, 0x000000011f93d118]
Event: 2.586 Thread 0x00007f935c80d000 nmethod 1210% 0x0000000118653d90 code [0x0000000118654700, 0x000000011865a8c0]
Event: 2.594 Thread 0x00007f935c80d000 1211       3       java.util.jar.Manifest::getAttributes (14 bytes)
Event: 2.595 Thread 0x00007f935c80d000 nmethod 1211 0x000000011865dc90 code [0x000000011865de40, 0x000000011865e120]

GC Heap History (2 events):
Event: 2.364 GC heap before
{Heap before GC invocations=0 (full 0):
 garbage-first heap   total 131072K, used 23552K [0x0000000780000000, 0x0000000800000000)
  region size 1024K, 24 young (24576K), 0 survivors (0K)
 Metaspace       used 11796K, capacity 12077K, committed 12416K, reserved 1060864K
  class space    used 1188K, capacity 1287K, committed 1408K, reserved 1048576K
}
Event: 2.382 GC heap after
{Heap after GC invocations=1 (full 0):
 garbage-first heap   total 131072K, used 4966K [0x0000000780000000, 0x0000000800000000)
  region size 1024K, 3 young (3072K), 3 survivors (3072K)
 Metaspace       used 11796K, capacity 12077K, committed 12416K, reserved 1060864K
  class space    used 1188K, capacity 1287K, committed 1408K, reserved 1048576K
}

Deoptimization events (10 events):
Event: 1.963 Thread 0x00007f936e809000 Uncommon trap: reason=bimorphic_or_optimized_type_check action=maybe_recompile pc=0x000000011f8fa5b4 method=java.util.HashMap.getNode(ILjava/lang/Object;)Ljava/util/HashMap$Node; @ 126 c2
Event: 2.178 Thread 0x00007f936e809000 Uncommon trap: reason=unstable_if action=reinterpret pc=0x000000011f917d94 method=java.lang.String.startsWith(Ljava/lang/String;I)Z @ 46 c2
Event: 2.187 Thread 0x00007f936e809000 Uncommon trap: reason=bimorphic_or_optimized_type_check action=maybe_recompile pc=0x000000011f921288 method=java.util.HashMap.getNode(ILjava/lang/Object;)Ljava/util/HashMap$Node; @ 59 c2
Event: 2.223 Thread 0x00007f936e809000 Uncommon trap: reason=bimorphic_or_optimized_type_check action=maybe_recompile pc=0x000000011f921288 method=java.util.HashMap.getNode(ILjava/lang/Object;)Ljava/util/HashMap$Node; @ 59 c2
Event: 2.248 Thread 0x00007f936e809000 Uncommon trap: reason=unstable_if action=reinterpret pc=0x000000011f907ad4 method=java.lang.StringLatin1.canEncode(I)Z @ 4 c2
Event: 2.248 Thread 0x00007f936e809000 Uncommon trap: reason=unstable_if action=reinterpret pc=0x000000011f8fb678 method=java.lang.AbstractStringBuilder.isLatin1()Z @ 10 c2
Event: 2.354 Thread 0x00007f936e809000 Uncommon trap: reason=bimorphic_or_optimized_type_check action=maybe_recompile pc=0x000000011f921288 method=java.util.HashMap.getNode(ILjava/lang/Object;)Ljava/util/HashMap$Node; @ 59 c2
Event: 2.433 Thread 0x00007f936e809000 Uncommon trap: reason=bimorphic_or_optimized_type_check action=maybe_recompile pc=0x000000011f8fa5b4 method=java.util.HashMap.getNode(ILjava/lang/Object;)Ljava/util/HashMap$Node; @ 126 c2
Event: 2.475 Thread 0x00007f936e809000 Uncommon trap: reason=unstable_if action=reinterpret pc=0x000000011f93468c method=sun.net.www.ParseUtil.firstEncodeIndex(Ljava/lang/String;)I @ 51 c2
Event: 2.519 Thread 0x00007f936e809000 Uncommon trap: reason=unstable_if action=reinterpret pc=0x000000011f8d5394 method=java.lang.String.isLatin1()Z @ 10 c2

Classes redefined (0 events):
No events

Internal exceptions (10 events):
Event: 2.137 Thread 0x00007f936e809000 Exception <a 'java/lang/NoSuchMethodError'{0x0000000786c2acb0}: java.lang.invoke.Invokers$Holder.linkToTargetMethod(Ljava/lang/Object;Ljava/lang/Object;Ljava/lang/Object;Ljava/lang/Object;Ljava/lang/Object;Ljava/lang/Object;)Ljava/lang/Object;> (0x0000000
Event: 2.140 Thread 0x00007f936e809000 Exception <a 'java/lang/NoSuchMethodError'{0x0000000786c3c1a8}: java.lang.invoke.DirectMethodHandle$Holder.invokeStaticInit(Ljava/lang/Object;)V> (0x0000000786c3c1a8) thrown at [./open/src/hotspot/share/interpreter/linkResolver.cpp, line 772]
Event: 2.161 Thread 0x00007f936e809000 Exception <a 'java/lang/NoSuchMethodError'{0x0000000786c52d98}: java.lang.invoke.Invokers$Holder.linkToTargetMethod(Ljava/lang/Object;Ljava/lang/Object;Ljava/lang/Object;Ljava/lang/Object;Ljava/lang/Object;Ljava/lang/Object;Ljava/lang/Object;)Ljava/lang/O
Event: 2.167 Thread 0x00007f936e809000 Exception <a 'java/lang/NoSuchMethodError'{0x0000000786c662d8}: java.lang.invoke.DirectMethodHandle$Holder.invokeSpecialIFC(Ljava/lang/Object;Ljava/lang/Object;Ljava/lang/Object;Ljava/lang/Object;Ljava/lang/Object;)Ljava/lang/Object;> (0x0000000786c662d8)
Event: 2.418 Thread 0x00007f936e809000 Exception <a 'sun/nio/fs/UnixException'{0x0000000787f34d00}> (0x0000000787f34d00) thrown at [./open/src/hotspot/share/prims/jni.cpp, line 611]
Event: 2.425 Thread 0x00007f936e809000 Exception <a 'sun/nio/fs/UnixException'{0x0000000787f4ae58}> (0x0000000787f4ae58) thrown at [./open/src/hotspot/share/prims/jni.cpp, line 611]
Event: 2.435 Thread 0x00007f936e809000 Exception <a 'sun/nio/fs/UnixException'{0x0000000787f73058}> (0x0000000787f73058) thrown at [./open/src/hotspot/share/prims/jni.cpp, line 611]
Event: 2.455 Thread 0x00007f936e809000 Exception <a 'java/lang/NoSuchMethodError'{0x0000000787fcc748}: java.lang.invoke.DelegatingMethodHandle$Holder.delegate(Ljava/lang/Object;Ljava/lang/Object;ILjava/lang/Object;)V> (0x0000000787fcc748) thrown at [./open/src/hotspot/share/interpreter/linkRes
Event: 2.480 Thread 0x00007f936e809000 Exception <a 'java/lang/NoSuchMethodError'{0x0000000787e5ca20}: java.lang.invoke.DirectMethodHandle$Holder.invokeSpecialIFC(Ljava/lang/Object;Ljava/lang/Object;Ljava/lang/Object;Ljava/lang/Object;)I> (0x0000000787e5ca20) thrown at [./open/src/hotspot/shar
Event: 2.558 Thread 0x00007f936e809000 Exception <a 'java/lang/NoSuchMethodError'{0x0000000787dc65e8}: java.lang.invoke.DirectMethodHandle$Holder.invokeSpecial(Ljava/lang/Object;Ljava/lang/Object;Ljava/lang/Object;Ljava/lang/Object;)V> (0x0000000787dc65e8) thrown at [./open/src/hotspot/share/i

Events (10 events):
Event: 2.608 loading class io/cucumber/messages/internal/com/fasterxml/jackson/databind/deser/DeserializerFactory
Event: 2.608 loading class io/cucumber/messages/internal/com/fasterxml/jackson/databind/deser/DeserializerFactory done
Event: 2.609 loading class io/cucumber/messages/internal/com/fasterxml/jackson/databind/deser/BeanDeserializerFactory
Event: 2.609 loading class io/cucumber/messages/internal/com/fasterxml/jackson/databind/deser/BeanDeserializerFactory done
Event: 2.610 loading class io/cucumber/messages/internal/com/fasterxml/jackson/databind/deser/BasicDeserializerFactory
Event: 2.610 loading class io/cucumber/messages/internal/com/fasterxml/jackson/databind/deser/BasicDeserializerFactory done
Event: 2.611 loading class io/cucumber/messages/internal/com/fasterxml/jackson/databind/deser/DefaultDeserializationContext$Impl
Event: 2.611 loading class io/cucumber/messages/internal/com/fasterxml/jackson/databind/deser/DefaultDeserializationContext$Impl done
Event: 2.611 loading class io/cucumber/messages/internal/com/fasterxml/jackson/databind/ser/SerializerFactory
Event: 2.611 loading class io/cucumber/messages/internal/com/fasterxml/jackson/databind/ser/SerializerFactory done


Dynamic libraries:
0x000000010c9b2000 	/Library/Java/JavaVirtualMachines/jdk-11.0.12.jdk/Contents/Home/lib/jli/libjli.dylib
0x00007ff833be4000 	/System/Library/Frameworks/Cocoa.framework/Versions/A/Cocoa
0x00007ff81f4e2000 	/System/Library/Frameworks/AppKit.framework/Versions/C/AppKit
0x00007ff822a41000 	/System/Library/Frameworks/CoreData.framework/Versions/A/CoreData
0x00007ff81d8f9000 	/System/Library/Frameworks/Foundation.framework/Versions/C/Foundation
0x00007ff827c5d000 	/usr/lib/libSystem.B.dylib
0x00007ff820374000 	/System/Library/PrivateFrameworks/UIFoundation.framework/Versions/A/UIFoundation
0x00007ff82db90000 	/System/Library/PrivateFrameworks/RemoteViewServices.framework/Versions/A/RemoteViewServices
0x00007ff825f30000 	/System/Library/PrivateFrameworks/XCTTargetBootstrap.framework/Versions/A/XCTTargetBootstrap
0x00007ff829b29000 	/System/Library/PrivateFrameworks/InternationalSupport.framework/Versions/A/InternationalSupport
0x00007ff829bb3000 	/System/Library/PrivateFrameworks/UserActivity.framework/Versions/A/UserActivity
0x00007ff828f10000 	/usr/lib/libspindump.dylib
0x00007ff820602000 	/System/Library/Frameworks/UniformTypeIdentifiers.framework/Versions/A/UniformTypeIdentifiers
0x00007ff824669000 	/usr/lib/libapp_launch_measurement.dylib
0x00007ff82341d000 	/System/Library/PrivateFrameworks/CoreAnalytics.framework/Versions/A/CoreAnalytics
0x00007ff82466c000 	/System/Library/PrivateFrameworks/CoreAutoLayout.framework/Versions/A/CoreAutoLayout
0x00007ff82588c000 	/System/Library/Frameworks/Metal.framework/Versions/A/Metal
0x00007ff8265a8000 	/usr/lib/liblangid.dylib
0x00007ff825f34000 	/System/Library/PrivateFrameworks/CoreSVG.framework/Versions/A/CoreSVG
0x00007ff8219c9000 	/System/Library/PrivateFrameworks/SkyLight.framework/Versions/A/SkyLight
0x00007ff821d5f000 	/System/Library/Frameworks/CoreGraphics.framework/Versions/A/CoreGraphics
0x00007ff82e1ff000 	/System/Library/Frameworks/Accelerate.framework/Versions/A/Accelerate
0x00007ff82898b000 	/System/Library/PrivateFrameworks/IconServices.framework/Versions/A/IconServices
0x00007ff825871000 	/System/Library/Frameworks/IOSurface.framework/Versions/A/IOSurface
0x00007ff82344b000 	/usr/lib/libDiagnosticMessagesClient.dylib
0x00007ff827b77000 	/usr/lib/libz.1.dylib
0x00007ff831870000 	/System/Library/Frameworks/ApplicationServices.framework/Versions/A/ApplicationServices
0x00007ff825f1c000 	/System/Library/PrivateFrameworks/DFRFoundation.framework/Versions/A/DFRFoundation
0x00007ff81edd3000 	/usr/lib/libicucore.A.dylib
0x00007ff82a84e000 	/System/Library/Frameworks/AudioToolbox.framework/Versions/A/AudioToolbox
0x00007ff829b35000 	/System/Library/PrivateFrameworks/DataDetectorsCore.framework/Versions/A/DataDetectorsCore
0x00007ff925427000 	/System/Library/PrivateFrameworks/TextInput.framework/Versions/A/TextInput
0x00007ff82194d000 	/usr/lib/libMobileGestalt.dylib
0x00007ff825c24000 	/System/Library/Frameworks/Carbon.framework/Versions/A/Frameworks/HIToolbox.framework/Versions/A/HIToolbox
0x00007ff824096000 	/System/Library/Frameworks/QuartzCore.framework/Versions/A/QuartzCore
0x00007ff81ea73000 	/System/Library/Frameworks/Security.framework/Versions/A/Security
0x00007ff82dbc8000 	/System/Library/Frameworks/Carbon.framework/Versions/A/Frameworks/SpeechRecognition.framework/Versions/A/SpeechRecognition
0x00007ff8243c9000 	/System/Library/PrivateFrameworks/CoreUI.framework/Versions/A/CoreUI
0x00007ff81e34b000 	/System/Library/Frameworks/CoreAudio.framework/Versions/A/CoreAudio
0x00007ff823539000 	/System/Library/Frameworks/DiskArbitration.framework/Versions/A/DiskArbitration
0x00007ff8292f3000 	/System/Library/PrivateFrameworks/MultitouchSupport.framework/Versions/A/MultitouchSupport
0x00007ff82194c000 	/usr/lib/libenergytrace.dylib
0x00007ff81f3ce000 	/System/Library/Frameworks/IOKit.framework/Versions/A/IOKit
0x00007ff82dfb4000 	/System/Library/Frameworks/CoreServices.framework/Versions/A/CoreServices
0x00007ff824603000 	/System/Library/PrivateFrameworks/PerformanceAnalysis.framework/Versions/A/PerformanceAnalysis
0x00007ffa34f0e000 	/System/Library/Frameworks/OpenGL.framework/Versions/A/OpenGL
0x00007ff8271a4000 	/System/Library/PrivateFrameworks/MobileKeyBag.framework/Versions/A/MobileKeyBag
0x00007ff81c991000 	/usr/lib/libobjc.A.dylib
0x00007ff82248e000 	/System/Library/Frameworks/ColorSync.framework/Versions/A/ColorSync
0x00007ff81cb4d000 	/System/Library/Frameworks/CoreFoundation.framework/Versions/A/CoreFoundation
0x00007ff8261af000 	/System/Library/Frameworks/CoreImage.framework/Versions/A/CoreImage
0x00007ff81e161000 	/System/Library/Frameworks/CoreText.framework/Versions/A/CoreText
0x00007ff825f63000 	/System/Library/Frameworks/ImageIO.framework/Versions/A/ImageIO
0x00007ff827c63000 	/System/Library/PrivateFrameworks/SoftLinking.framework/Versions/A/SoftLinking
0x00007ff8246b4000 	/usr/lib/libxml2.2.dylib
0x00007ff81ca5a000 	/usr/lib/libc++.1.dylib
0x00007ff827ee4000 	/usr/lib/libcompression.dylib
0x00007ff829a5f000 	/System/Library/PrivateFrameworks/TextureIO.framework/Versions/A/TextureIO
0x00007ff828604000 	/usr/lib/libate.dylib
0x00007ff827c58000 	/usr/lib/system/libcache.dylib
0x00007ff827c14000 	/usr/lib/system/libcommonCrypto.dylib
0x00007ff827c3d000 	/usr/lib/system/libcompiler_rt.dylib
0x00007ff827c33000 	/usr/lib/system/libcopyfile.dylib
0x00007ff81c88b000 	/usr/lib/system/libcorecrypto.dylib
0x00007ff81c94a000 	/usr/lib/system/libdispatch.dylib
0x00007ff81cb0c000 	/usr/lib/system/libdyld.dylib
0x00007ff827c4f000 	/usr/lib/system/libkeymgr.dylib
0x00007ff827bf2000 	/usr/lib/system/libmacho.dylib
0x00007ff827278000 	/usr/lib/system/libquarantine.dylib
0x00007ff827c4d000 	/usr/lib/system/libremovefile.dylib
0x00007ff821999000 	/usr/lib/system/libsystem_asl.dylib
0x00007ff81c839000 	/usr/lib/system/libsystem_blocks.dylib
0x00007ff81c9d1000 	/usr/lib/system/libsystem_c.dylib
0x00007ff827c45000 	/usr/lib/system/libsystem_collections.dylib
0x00007ff826599000 	/usr/lib/system/libsystem_configuration.dylib
0x00007ff825854000 	/usr/lib/system/libsystem_containermanager.dylib
0x00007ff827929000 	/usr/lib/system/libsystem_coreservices.dylib
0x00007ff81f05c000 	/usr/lib/system/libsystem_darwin.dylib
0x00007ff827c50000 	/usr/lib/system/libsystem_dnssd.dylib
0x00007ff81c9ce000 	/usr/lib/system/libsystem_featureflags.dylib
0x00007ff81cb22000 	/usr/lib/system/libsystem_info.dylib
0x00007ff827b8a000 	/usr/lib/system/libsystem_m.dylib
0x00007ff81c91e000 	/usr/lib/system/libsystem_malloc.dylib
0x00007ff821936000 	/usr/lib/system/libsystem_networkextension.dylib
0x00007ff81f484000 	/usr/lib/system/libsystem_notify.dylib
0x00007ff82de89000 	/usr/lib/system/libsystem_product_info_filter.dylib
0x00007ff82659d000 	/usr/lib/system/libsystem_sandbox.dylib
0x00007ff827c4a000 	/usr/lib/system/libsystem_secinit.dylib
0x00007ff81cac9000 	/usr/lib/system/libsystem_kernel.dylib
0x00007ff81cb18000 	/usr/lib/system/libsystem_platform.dylib
0x00007ff81cb00000 	/usr/lib/system/libsystem_pthread.dylib
0x00007ff823264000 	/usr/lib/system/libsystem_symptoms.dylib
0x00007ff81c872000 	/usr/lib/system/libsystem_trace.dylib
0x00007ff827c20000 	/usr/lib/system/libunwind.dylib
0x00007ff81c83b000 	/usr/lib/system/libxpc.dylib
0x00007ff81cab3000 	/usr/lib/libc++abi.dylib
0x00007ff827c2b000 	/usr/lib/liboah.dylib
0x00007ff8283bd000 	/usr/lib/liblzma.5.dylib
0x00007ff81d60a000 	/System/Library/Frameworks/SystemConfiguration.framework/Versions/A/SystemConfiguration
0x00007ff827c5f000 	/usr/lib/libfakelink.dylib
0x00007ff82149f000 	/System/Library/Frameworks/CFNetwork.framework/Versions/A/CFNetwork
0x00007ff827d9e000 	/usr/lib/libarchive.2.dylib
0x00007ff8265a4000 	/System/Library/PrivateFrameworks/AppleSystemInfo.framework/Versions/A/AppleSystemInfo
0x00007ff82729f000 	/usr/lib/libbsm.0.dylib
0x00007ff820ad5000 	/usr/lib/libnetwork.dylib
0x00007ff827bf8000 	/usr/lib/system/libkxld.dylib
0x00007ff826ecd000 	/System/Library/PrivateFrameworks/IOMobileFramebuffer.framework/Versions/A/IOMobileFramebuffer
0x00007ffb32b7a000 	/usr/lib/libCoreEntitlements.dylib
0x00007ff82790b000 	/System/Library/PrivateFrameworks/AppleFSCompression.framework/Versions/A/AppleFSCompression
0x00007ff827287000 	/usr/lib/libcoretls.dylib
0x00007ff8283d7000 	/usr/lib/libcoretls_cfhelpers.dylib
0x00007ff827edf000 	/usr/lib/libpam.2.dylib
0x00007ff822e8a000 	/usr/lib/libsqlite3.dylib
0x00007ff828446000 	/usr/lib/libxar.1.dylib
0x00007ff82791b000 	/usr/lib/libbz2.1.0.dylib
0x00007ff827c64000 	/usr/lib/libpcap.A.dylib
0x00007ff82325b000 	/usr/lib/libdns_services.dylib
0x00007ff827eb1000 	/usr/lib/libapple_nghttp2.dylib
0x00007ff827c9b000 	/usr/lib/libiconv.2.dylib
0x00007ff827bf1000 	/usr/lib/libcharset.1.dylib
0x00007ff824637000 	/System/Library/Frameworks/CoreServices.framework/Versions/A/Frameworks/FSEvents.framework/Versions/A/FSEvents
0x00007ff81f066000 	/System/Library/Frameworks/CoreServices.framework/Versions/A/Frameworks/CarbonCore.framework/Versions/A/CarbonCore
0x00007ff82349e000 	/System/Library/Frameworks/CoreServices.framework/Versions/A/Frameworks/Metadata.framework/Versions/A/Metadata
0x00007ff82792e000 	/System/Library/Frameworks/CoreServices.framework/Versions/A/Frameworks/OSServices.framework/Versions/A/OSServices
0x00007ff827e25000 	/System/Library/Frameworks/CoreServices.framework/Versions/A/Frameworks/SearchKit.framework/Versions/A/SearchKit
0x00007ff8231ed000 	/System/Library/Frameworks/CoreServices.framework/Versions/A/Frameworks/AE.framework/Versions/A/AE
0x00007ff81d04e000 	/System/Library/Frameworks/CoreServices.framework/Versions/A/Frameworks/LaunchServices.framework/Versions/A/LaunchServices
0x00007ff82836e000 	/System/Library/Frameworks/CoreServices.framework/Versions/A/Frameworks/DictionaryServices.framework/Versions/A/DictionaryServices
0x00007ff824644000 	/System/Library/Frameworks/CoreServices.framework/Versions/A/Frameworks/SharedFileList.framework/Versions/A/SharedFileList
0x00007ff82727b000 	/usr/lib/libCheckFix.dylib
0x00007ff8219b0000 	/System/Library/PrivateFrameworks/TCC.framework/Versions/A/TCC
0x00007ff8265aa000 	/System/Library/PrivateFrameworks/CoreNLP.framework/Versions/A/CoreNLP
0x00007ff82344e000 	/System/Library/PrivateFrameworks/MetadataUtilities.framework/Versions/A/MetadataUtilities
0x00007ff81d6ba000 	/usr/lib/libmecabra.dylib
0x00007ff8272af000 	/usr/lib/libmecab.dylib
0x00007ff81d685000 	/usr/lib/libCRFSuite.dylib
0x00007ff82730c000 	/usr/lib/libgermantok.dylib
0x00007ff827e8c000 	/usr/lib/libThaiTokenizer.dylib
0x00007ff823540000 	/System/Library/Frameworks/Accelerate.framework/Versions/A/Frameworks/vImage.framework/Versions/A/vImage
0x00007ff82df8b000 	/System/Library/Frameworks/Accelerate.framework/Versions/A/Frameworks/vecLib.framework/Versions/A/vecLib
0x00007ff828487000 	/System/Library/Frameworks/Accelerate.framework/Versions/A/Frameworks/vecLib.framework/Versions/A/libvMisc.dylib
0x00007ff826cc1000 	/System/Library/Frameworks/Accelerate.framework/Versions/A/Frameworks/vecLib.framework/Versions/A/libvDSP.dylib
0x00007ff81d3c6000 	/System/Library/Frameworks/Accelerate.framework/Versions/A/Frameworks/vecLib.framework/Versions/A/libBLAS.dylib
0x00007ff827fc1000 	/System/Library/Frameworks/Accelerate.framework/Versions/A/Frameworks/vecLib.framework/Versions/A/libLAPACK.dylib
0x00007ff82730f000 	/System/Library/Frameworks/Accelerate.framework/Versions/A/Frameworks/vecLib.framework/Versions/A/libLinearAlgebra.dylib
0x00007ff827eca000 	/System/Library/Frameworks/Accelerate.framework/Versions/A/Frameworks/vecLib.framework/Versions/A/libSparseBLAS.dylib
0x00007ff827fbb000 	/System/Library/Frameworks/Accelerate.framework/Versions/A/Frameworks/vecLib.framework/Versions/A/libQuadrature.dylib
0x00007ff826694000 	/System/Library/Frameworks/Accelerate.framework/Versions/A/Frameworks/vecLib.framework/Versions/A/libBNNS.dylib
0x00007ff81d59b000 	/System/Library/Frameworks/Accelerate.framework/Versions/A/Frameworks/vecLib.framework/Versions/A/libSparse.dylib
0x00007ff82668d000 	/System/Library/PrivateFrameworks/LinguisticData.framework/Versions/A/LinguisticData
0x00007ff81d550000 	/System/Library/PrivateFrameworks/Lexicon.framework/Versions/A/Lexicon
0x00007ff828480000 	/usr/lib/libChineseTokenizer.dylib
0x00007ff81dcb4000 	/System/Library/PrivateFrameworks/LanguageModeling.framework/Versions/A/LanguageModeling
0x00007ff827e8e000 	/System/Library/PrivateFrameworks/AppleSauce.framework/Versions/A/AppleSauce
0x00007ff826ebb000 	/System/Library/PrivateFrameworks/CoreEmoji.framework/Versions/A/CoreEmoji
0x00007ff827d8d000 	/usr/lib/libcmph.dylib
0x00007ff82461b000 	/System/Library/Frameworks/OpenDirectory.framework/Versions/A/Frameworks/CFOpenDirectory.framework/Versions/A/CFOpenDirectory
0x00007ff82460f000 	/System/Library/Frameworks/OpenDirectory.framework/Versions/A/OpenDirectory
0x00007ff8283d9000 	/System/Library/PrivateFrameworks/APFS.framework/Versions/A/APFS
0x00007ff8271dc000 	/System/Library/Frameworks/SecurityFoundation.framework/Versions/A/SecurityFoundation
0x00007ff828454000 	/usr/lib/libutil.dylib
0x00007ff81f391000 	/System/Library/PrivateFrameworks/CoreServicesStore.framework/Versions/A/CoreServicesStore
0x00007ff828458000 	/usr/lib/libxslt.1.dylib
0x00007ff827269000 	/System/Library/PrivateFrameworks/BackgroundTaskManagement.framework/Versions/A/BackgroundTaskManagement
0x00007ff829981000 	/System/Library/Frameworks/ImageIO.framework/Versions/A/Resources/libRadiance.dylib
0x00007ff82998a000 	/System/Library/Frameworks/ImageIO.framework/Versions/A/Resources/libJPEG.dylib
0x00007ff8298db000 	/System/Library/Frameworks/ImageIO.framework/Versions/A/Resources/libPng.dylib
0x00007ff8298fc000 	/System/Library/Frameworks/ImageIO.framework/Versions/A/Resources/libTIFF.dylib
0x00007ff8299e8000 	/System/Library/Frameworks/ImageIO.framework/Versions/A/Resources/libGIF.dylib
0x00007ff829210000 	/System/Library/Frameworks/ImageIO.framework/Versions/A/Resources/libJP2.dylib
0x00007ff828952000 	/usr/lib/libexpat.1.dylib
0x00007ff8291c5000 	/System/Library/PrivateFrameworks/AppleJPEG.framework/Versions/A/AppleJPEG
0x00007ff825ae7000 	/System/Library/PrivateFrameworks/FontServices.framework/libFontParser.dylib
0x00007ff823197000 	/System/Library/PrivateFrameworks/RunningBoardServices.framework/Versions/A/RunningBoardServices
0x00007ff834160000 	/System/Library/PrivateFrameworks/IOSurfaceAccelerator.framework/Versions/A/IOSurfaceAccelerator
0x00007ff8292ef000 	/System/Library/PrivateFrameworks/WatchdogClient.framework/Versions/A/WatchdogClient
0x00007ff81dda3000 	/System/Library/Frameworks/CoreDisplay.framework/Versions/A/CoreDisplay
0x00007ff8259e6000 	/System/Library/Frameworks/CoreMedia.framework/Versions/A/CoreMedia
0x00007ff825883000 	/System/Library/PrivateFrameworks/IOAccelerator.framework/Versions/A/IOAccelerator
0x00007ff824797000 	/System/Library/Frameworks/CoreVideo.framework/Versions/A/CoreVideo
0x00007ff827edd000 	/System/Library/Frameworks/MetalPerformanceShaders.framework/Versions/A/MetalPerformanceShaders
0x00007ff82932a000 	/System/Library/Frameworks/VideoToolbox.framework/Versions/A/VideoToolbox
0x00007ff8230df000 	/System/Library/PrivateFrameworks/BaseBoard.framework/Versions/A/BaseBoard
0x00007ff822e70000 	/System/Library/PrivateFrameworks/ProtocolBuffer.framework/Versions/A/ProtocolBuffer
0x00007ff82997a000 	/System/Library/PrivateFrameworks/GPUWrangler.framework/Versions/A/GPUWrangler
0x00007ff82995d000 	/System/Library/PrivateFrameworks/IOPresentment.framework/Versions/A/IOPresentment
0x00007ff829984000 	/System/Library/PrivateFrameworks/DSExternalDisplay.framework/Versions/A/DSExternalDisplay
0x00007ffa34f02000 	/System/Library/Frameworks/OpenGL.framework/Versions/A/Libraries/libCoreFSCache.dylib
0x00007ffb20dea000 	/System/Library/PrivateFrameworks/GPUCompiler.framework/Versions/31001/Libraries/libGPUCompilerUtils.dylib
0x00007ff8299ed000 	/System/Library/PrivateFrameworks/CMCaptureCore.framework/Versions/A/CMCaptureCore
0x00007ff828efe000 	/System/Library/PrivateFrameworks/AppServerSupport.framework/Versions/A/AppServerSupport
0x00007ff82b0d4000 	/System/Library/PrivateFrameworks/perfdata.framework/Versions/A/perfdata
0x00007ff81decf000 	/System/Library/PrivateFrameworks/AudioToolboxCore.framework/Versions/A/AudioToolboxCore
0x00007ff8259c3000 	/System/Library/PrivateFrameworks/caulk.framework/Versions/A/caulk
0x00007ff82a9f8000 	/usr/lib/libAudioStatistics.dylib
0x00007ff921cb5000 	/System/Library/PrivateFrameworks/SystemPolicy.framework/Versions/A/SystemPolicy
0x00007ff82ac4d000 	/usr/lib/libSMC.dylib
0x00007ff833a97000 	/System/Library/Frameworks/CoreMIDI.framework/Versions/A/CoreMIDI
0x00007ff8298ab000 	/usr/lib/libAudioToolboxUtility.dylib
0x00007ff91e0c7000 	/System/Library/PrivateFrameworks/OSAServicesClient.framework/Versions/A/OSAServicesClient
0x00007ff82b0e1000 	/usr/lib/libperfcheck.dylib
0x00007ff922747000 	/usr/lib/libmis.dylib
0x00007ffa34f5e000 	/System/Library/Frameworks/OpenGL.framework/Versions/A/Libraries/libGLU.dylib
0x00007ffa34f21000 	/System/Library/Frameworks/OpenGL.framework/Versions/A/Libraries/libGFXShared.dylib
0x00007ffa3512f000 	/System/Library/Frameworks/OpenGL.framework/Versions/A/Libraries/libGL.dylib
0x00007ffa34f2a000 	/System/Library/Frameworks/OpenGL.framework/Versions/A/Libraries/libGLImage.dylib
0x00007ffa34f1e000 	/System/Library/Frameworks/OpenGL.framework/Versions/A/Libraries/libCVMSPluginSupport.dylib
0x00007ffa34f09000 	/System/Library/Frameworks/OpenGL.framework/Versions/A/Libraries/libCoreVMClient.dylib
0x00007ff826528000 	/System/Library/Frameworks/MetalPerformanceShaders.framework/Versions/A/Frameworks/MPSCore.framework/Versions/A/MPSCore
0x00007ff827876000 	/System/Library/Frameworks/MetalPerformanceShaders.framework/Versions/A/Frameworks/MPSImage.framework/Versions/A/MPSImage
0x00007ff827325000 	/System/Library/Frameworks/MetalPerformanceShaders.framework/Versions/A/Frameworks/MPSNeuralNetwork.framework/Versions/A/MPSNeuralNetwork
0x00007ff82779a000 	/System/Library/Frameworks/MetalPerformanceShaders.framework/Versions/A/Frameworks/MPSMatrix.framework/Versions/A/MPSMatrix
0x00007ff827556000 	/System/Library/Frameworks/MetalPerformanceShaders.framework/Versions/A/Frameworks/MPSRayIntersector.framework/Versions/A/MPSRayIntersector
0x00007ff8277d3000 	/System/Library/Frameworks/MetalPerformanceShaders.framework/Versions/A/Frameworks/MPSNDArray.framework/Versions/A/MPSNDArray
0x00007ffa39b23000 	/System/Library/Frameworks/MetalPerformanceShaders.framework/Versions/A/Frameworks/MPSFunctions.framework/Versions/A/MPSFunctions
0x00007ff81d2a9000 	/System/Library/PrivateFrameworks/MetalTools.framework/Versions/A/MetalTools
0x00007ff8265a2000 	/System/Library/PrivateFrameworks/AggregateDictionary.framework/Versions/A/AggregateDictionary
0x00007ff828734000 	/usr/lib/libIOReport.dylib
0x00007ffa3653e000 	/System/Library/Frameworks/OpenCL.framework/Versions/A/OpenCL
0x00007ff828a98000 	/System/Library/PrivateFrameworks/FaceCore.framework/Versions/A/FaceCore
0x00007ff828a89000 	/System/Library/PrivateFrameworks/GraphVisualizer.framework/Versions/A/GraphVisualizer
0x00007ffb20cf5000 	/System/Library/PrivateFrameworks/FontServices.framework/Versions/A/FontServices
0x00007ff828eb5000 	/System/Library/PrivateFrameworks/OTSVG.framework/Versions/A/OTSVG
0x00007ff82437f000 	/System/Library/Frameworks/ApplicationServices.framework/Versions/A/Frameworks/ATS.framework/Versions/A/Resources/libFontRegistry.dylib
0x00007ff828f06000 	/System/Library/PrivateFrameworks/FontServices.framework/libhvf.dylib
0x00007ffb20cf6000 	/System/Library/PrivateFrameworks/FontServices.framework/libXTFontStaticRegistryData.dylib
0x00007ff828902000 	/System/Library/PrivateFrameworks/AppleVA.framework/Versions/A/AppleVA
0x00007ff82aa1c000 	/System/Library/Frameworks/ApplicationServices.framework/Versions/A/Frameworks/ATS.framework/Versions/A/ATS
0x00007ff82258a000 	/System/Library/Frameworks/ApplicationServices.framework/Versions/A/Frameworks/HIServices.framework/Versions/A/HIServices
0x00007ff8299f7000 	/System/Library/Frameworks/ApplicationServices.framework/Versions/A/Frameworks/PrintCore.framework/Versions/A/PrintCore
0x00007ff82ada0000 	/System/Library/Frameworks/ApplicationServices.framework/Versions/A/Frameworks/QD.framework/Versions/A/QD
0x00007ff82ad98000 	/System/Library/Frameworks/ApplicationServices.framework/Versions/A/Frameworks/ColorSyncLegacy.framework/Versions/A/ColorSyncLegacy
0x00007ff82aa0c000 	/System/Library/Frameworks/ApplicationServices.framework/Versions/A/Frameworks/SpeechSynthesis.framework/Versions/A/SpeechSynthesis
0x00007ff8299b8000 	/System/Library/Frameworks/ApplicationServices.framework/Versions/A/Frameworks/ATSUI.framework/Versions/A/ATSUI
0x00007ff82ad2d000 	/usr/lib/libcups.2.dylib
0x00007ff82b0f0000 	/System/Library/Frameworks/Kerberos.framework/Versions/A/Kerberos
0x00007ff82b0ff000 	/System/Library/Frameworks/GSS.framework/Versions/A/GSS
0x00007ff82aa88000 	/usr/lib/libresolv.9.dylib
0x00007ff828f15000 	/System/Library/PrivateFrameworks/Heimdal.framework/Versions/A/Heimdal
0x00007ff831bed000 	/System/Library/Frameworks/Kerberos.framework/Versions/A/Libraries/libHeimdalProxy.dylib
0x00007ff82326c000 	/System/Library/Frameworks/Network.framework/Versions/A/Network
0x00007ff82896c000 	/usr/lib/libheimdal-asn1.dylib
0x00007ff82b14b000 	/System/Library/PrivateFrameworks/CommonAuth.framework/Versions/A/CommonAuth
0x00007ff82a989000 	/System/Library/PrivateFrameworks/AudioSession.framework/Versions/A/AudioSession
0x00007ff8289fc000 	/System/Library/PrivateFrameworks/MediaExperience.framework/Versions/A/MediaExperience
0x00007ff82a81d000 	/System/Library/PrivateFrameworks/AudioSession.framework/libSessionUtility.dylib
0x00007ff82adac000 	/System/Library/PrivateFrameworks/AudioResourceArbitration.framework/Versions/A/AudioResourceArbitration
0x00007ff82ed9e000 	/System/Library/PrivateFrameworks/PowerLog.framework/Versions/A/PowerLog
0x00007ff828975000 	/System/Library/PrivateFrameworks/IconFoundation.framework/Versions/A/IconFoundation
0x00007ff82dbb8000 	/System/Library/PrivateFrameworks/SpeechRecognitionCore.framework/Versions/A/SpeechRecognitionCore
0x000000010d789000 	/Library/Java/JavaVirtualMachines/jdk-11.0.12.jdk/Contents/Home/lib/server/libjvm.dylib
0x000000010ca92000 	/Library/Java/JavaVirtualMachines/jdk-11.0.12.jdk/Contents/Home/lib/libverify.dylib
0x000000010cab6000 	/Library/Java/JavaVirtualMachines/jdk-11.0.12.jdk/Contents/Home/lib/libjava.dylib
0x000000010ca24000 	/Library/Java/JavaVirtualMachines/jdk-11.0.12.jdk/Contents/Home/lib/libjimage.dylib
0x000000010cb2c000 	/Library/Java/JavaVirtualMachines/jdk-11.0.12.jdk/Contents/Home/lib/libinstrument.dylib
0x000000010cbe2000 	/private/var/folders/1n/gnqcspnd6p71g71c6_bf_d480000gn/T/libasyncProfiler.so
0x000000010cb9f000 	/Library/Java/JavaVirtualMachines/jdk-11.0.12.jdk/Contents/Home/lib/libzip.dylib
0x0000000130178000 	/Library/Java/JavaVirtualMachines/jdk-11.0.12.jdk/Contents/Home/lib/libnio.dylib
0x00000001301be000 	/Library/Java/JavaVirtualMachines/jdk-11.0.12.jdk/Contents/Home/lib/libnet.dylib
0x00000001301fb000 	/Library/Java/JavaVirtualMachines/jdk-11.0.12.jdk/Contents/Home/lib/libextnet.dylib


VM Arguments:
jvm_args: -ea -DnodeNamesHandler=org.jetbrains.plugins.cucumber.java.run.CucumberTestTreeNodeManager -Didea.test.cyclic.buffer.size=1048576 -javaagent:/Users/chairounisaintze/Library/Application Support/JetBrains/Toolbox/apps/IDEA-U/ch-0/213.7172.25/IntelliJ IDEA.app/Contents/lib/idea_rt.jar=60529:/Users/chairounisaintze/Library/Application Support/JetBrains/Toolbox/apps/IDEA-U/ch-0/213.7172.25/IntelliJ IDEA.app/Contents/bin -agentpath:/private/var/folders/1n/gnqcspnd6p71g71c6_bf_d480000gn/T/libasyncProfiler.so=start,jfr,event=cpu,interval=1ms,event=alloc,file=/Users/chairounisaintze/CukesRunner_2022_07_11_091121.jfr -Dfile.encoding=UTF-8 
java_command: com.intellij.rt.junit.JUnitStarter -ideVersion5 -junit4 net.meetsky.runners.CukesRunner
java_class_path (initial): /Users/chairounisaintze/Library/Application Support/JetBrains/Toolbox/apps/IDEA-U/ch-0/213.7172.25/IntelliJ IDEA.app/Contents/lib/idea_rt.jar:/Users/chairounisaintze/Library/Application Support/JetBrains/Toolbox/apps/IDEA-U/ch-0/213.7172.25/IntelliJ IDEA.app/Contents/plugins/junit/lib/junit5-rt.jar:/Users/chairounisaintze/Library/Application Support/JetBrains/Toolbox/apps/IDEA-U/ch-0/213.7172.25/IntelliJ IDEA.app/Contents/plugins/junit/lib/junit-rt.jar:/Users/chairounisaintze/IdeaProjects/meetSky/target/test-classes:/Users/chairounisaintze/.m2/repository/org/seleniumhq/selenium/selenium-java/3.141.59/selenium-java-3.141.59.jar:/Users/chairounisaintze/.m2/repository/org/seleniumhq/selenium/selenium-api/3.141.59/selenium-api-3.141.59.jar:/Users/chairounisaintze/.m2/repository/org/seleniumhq/selenium/selenium-chrome-driver/3.141.59/selenium-chrome-driver-3.141.59.jar:/Users/chairounisaintze/.m2/repository/org/seleniumhq/selenium/selenium-edge-driver/3.141.59/selenium-edge-driver-3.141.59.jar:/Users/chairounisaintze/.m2/repository/org/seleniumhq/selenium/selenium-firefox-driver/3.141.59/selenium-firefox-driver-3.141.59.jar:/Users/chairounisaintze/.m2/repository/org/seleniumhq/selenium/selenium-ie-driver/3.141.59/selenium-ie-driver-3.141.59.jar:/Users/chairounisaintze/.m2/repository/org/seleniumhq/selenium/selenium-opera-driver/3.141.59/selenium-opera-driver-3.141.59.jar:/Users/chairounisaintze/.m2/repository/org/seleniumhq/selenium/selenium-remote-driver/3.141.59/selenium-remote-driver-3.141.59.jar:/Users/chairounisaintze/.m2/repository/org/seleniumhq/selenium/selenium-safari-driver/3.141.59/selenium-safari-driver-3.141.59.jar:/Users/chairounisaintze/.m2/repository/org/seleniumhq/selenium/selenium-support/3.141.59/selenium-support-3.141.59.jar:/Users/chairounisaintze/.m2/repository/net/bytebuddy/byte-buddy/1.8.15/byte-buddy-1.8.15.jar:/Users/chairounisaintze/.m2/repository/org/apache/commons/commons-exec/1.3/commons-exec-1.3.jar:/Users/chair
Launcher Type: SUN_STANDARD

[Global flags]
     intx CICompilerCount                          = 4                                         {product} {ergonomic}
     uint ConcGCThreads                            = 2                                         {product} {ergonomic}
     uint G1ConcRefinementThreads                  = 8                                         {product} {ergonomic}
   size_t G1HeapRegionSize                         = 1048576                                   {product} {ergonomic}
    uintx GCDrainStackTargetSize                   = 64                                        {product} {ergonomic}
   size_t InitialHeapSize                          = 134217728                                 {product} {ergonomic}
   size_t MarkStackSize                            = 4194304                                   {product} {ergonomic}
   size_t MaxHeapSize                              = 2147483648                                {product} {ergonomic}
   size_t MaxNewSize                               = 1287651328                                {product} {ergonomic}
   size_t MinHeapDeltaBytes                        = 1048576                                   {product} {ergonomic}
    uintx NonNMethodCodeHeapSize                   = 5836300                                {pd product} {ergonomic}
    uintx NonProfiledCodeHeapSize                  = 122910970                              {pd product} {ergonomic}
    uintx ProfiledCodeHeapSize                     = 122910970                              {pd product} {ergonomic}
    uintx ReservedCodeCacheSize                    = 251658240                              {pd product} {ergonomic}
     bool SegmentedCodeCache                       = true                                      {product} {ergonomic}
     bool UseCompressedClassPointers               = true                                 {lp64_product} {ergonomic}
     bool UseCompressedOops                        = true                                 {lp64_product} {ergonomic}
     bool UseG1GC                                  = true                                      {product} {ergonomic}

Logging:
Log output configuration:
 #0: stdout all=warning uptime,level,tags
 #1: stderr all=off uptime,level,tags

Environment Variables:
PATH=/usr/local/bin:/usr/bin:/bin:/usr/sbin:/sbin
SHELL=/bin/zsh

Signal Handlers:
SIGSEGV: [libjvm.dylib+0x79688e], sa_mask[0]=11111111111111111111111111111111, sa_flags=SA_ONSTACK|SA_RESTART|SA_SIGINFO
SIGBUS: [libjvm.dylib+0x79688e], sa_mask[0]=11111111111111111111111111111111, sa_flags=SA_RESTART|SA_SIGINFO
SIGFPE: [libjvm.dylib+0x79688e], sa_mask[0]=11111111111111111111111111111111, sa_flags=SA_RESTART|SA_SIGINFO
SIGPIPE: [libjvm.dylib+0x6488fa], sa_mask[0]=11111111111111111111111111111111, sa_flags=SA_RESTART|SA_SIGINFO
SIGXFSZ: [libjvm.dylib+0x6488fa], sa_mask[0]=11111111111111111111111111111111, sa_flags=SA_RESTART|SA_SIGINFO
SIGILL: [libjvm.dylib+0x79688e], sa_mask[0]=11111111111111111111111111111111, sa_flags=SA_RESTART|SA_SIGINFO
SIGUSR2: [libjvm.dylib+0x648ece], sa_mask[0]=00100000000000000000000000000000, sa_flags=SA_RESTART|SA_SIGINFO
SIGHUP: [libjvm.dylib+0x64798f], sa_mask[0]=11111111111111111111111111111111, sa_flags=SA_RESTART|SA_SIGINFO
SIGINT: [libjvm.dylib+0x64798f], sa_mask[0]=11111111111111111111111111111111, sa_flags=SA_RESTART|SA_SIGINFO
SIGTERM: [libjvm.dylib+0x64798f], sa_mask[0]=11111111111111111111111111111111, sa_flags=SA_RESTART|SA_SIGINFO
SIGQUIT: [libjvm.dylib+0x64798f], sa_mask[0]=11111111111111111111111111111111, sa_flags=SA_RESTART|SA_SIGINFO


---------------  S Y S T E M  ---------------

OS:uname:Darwin 21.3.0 Darwin Kernel Version 21.3.0: Wed Jan  5 21:37:58 PST 2022; root:xnu-8019.80.24~20/RELEASE_ARM64_T8101 x86_64
rlimit: STACK 8176k, CORE 0k, NPROC 1333, NOFILE 10240, AS infinity, DATA infinity, FSIZE infinity
load average:4.54 3.36 2.84

CPU:total 8 (initial active 8) (1 cores per cpu, 1 threads per core) family 6 model 44 stepping 0 microcode 0x0, cmov, cx8, fxsr, mmx, sse, sse2, sse3, ssse3, sse4.1, sse4.2, popcnt, aes, clmul, tsc, tscinvbit, tscinv

Memory: 4k page, physical 8388608k(35056k free)

vm_info: Java HotSpot(TM) 64-Bit Server VM (11.0.12+8-LTS-237) for bsd-amd64 JRE (11.0.12+8-LTS-237), built on Jun  8 2021 10:26:22 by "mach5one" with gcc 4.2.1 Compatible Apple LLVM 11.0.0 (clang-1100.0.33.17)

END.
